app/build/outputs/mapping/benchmark/seeds.txt
com.paytheory.jetsnack.ui.SnackSharedElementType
com.paytheory.jetsnack.ui.home.search.SearchDisplay
com.paytheory.jetsnack.ui.home.HomeSections
com.paytheory.jetsnack.ui.MainActivity
com.paytheory.jetsnack.model.CollectionType
com.paytheory.jetsnack.ui.home.search.SearchDisplay: com.paytheory.jetsnack.ui.home.search.SearchDisplay[] $VALUES
com.paytheory.jetsnack.ui.SnackSharedElementType: com.paytheory.jetsnack.ui.SnackSharedElementType Title
com.paytheory.jetsnack.ui.SnackSharedElementType: com.paytheory.jetsnack.ui.SnackSharedElementType Background
com.paytheory.jetsnack.ui.home.HomeSections: kotlin.enums.EnumEntries $ENTRIES
com.paytheory.jetsnack.ui.home.HomeSections: com.paytheory.jetsnack.ui.home.HomeSections SEARCH
com.paytheory.jetsnack.ui.home.HomeSections: java.lang.String route
com.paytheory.jetsnack.ui.home.search.SearchDisplay: com.paytheory.jetsnack.ui.home.search.SearchDisplay NoResults
com.paytheory.jetsnack.ui.home.search.SearchDisplay: com.paytheory.jetsnack.ui.home.search.SearchDisplay Categories
com.paytheory.jetsnack.ui.home.HomeSections: com.paytheory.jetsnack.ui.home.HomeSections PROFILE
com.paytheory.jetsnack.ui.home.HomeSections: androidx.compose.ui.graphics.vector.ImageVector icon
com.paytheory.jetsnack.model.CollectionType: kotlin.enums.EnumEntries $ENTRIES
com.paytheory.jetsnack.model.CollectionType: com.paytheory.jetsnack.model.CollectionType[] $VALUES
com.paytheory.jetsnack.ui.SnackSharedElementType: com.paytheory.jetsnack.ui.SnackSharedElementType Tagline
com.paytheory.jetsnack.ui.home.search.SearchDisplay: com.paytheory.jetsnack.ui.home.search.SearchDisplay Results
com.paytheory.jetsnack.ui.home.search.SearchDisplay: kotlin.enums.EnumEntries $ENTRIES
com.paytheory.jetsnack.ui.SnackSharedElementType: com.paytheory.jetsnack.ui.SnackSharedElementType[] $VALUES
com.paytheory.jetsnack.model.CollectionType: com.paytheory.jetsnack.model.CollectionType Highlight
com.paytheory.jetsnack.ui.home.HomeSections: int title
com.paytheory.jetsnack.ui.SnackSharedElementType: com.paytheory.jetsnack.ui.SnackSharedElementType Image
com.paytheory.jetsnack.ui.home.search.SearchDisplay: com.paytheory.jetsnack.ui.home.search.SearchDisplay Suggestions
com.paytheory.jetsnack.ui.home.HomeSections: com.paytheory.jetsnack.ui.home.HomeSections[] $VALUES
com.paytheory.jetsnack.model.CollectionType: com.paytheory.jetsnack.model.CollectionType Normal
com.paytheory.jetsnack.ui.SnackSharedElementType: com.paytheory.jetsnack.ui.SnackSharedElementType Bounds
com.paytheory.jetsnack.ui.home.HomeSections: com.paytheory.jetsnack.ui.home.HomeSections FEED
com.paytheory.jetsnack.ui.SnackSharedElementType: kotlin.enums.EnumEntries $ENTRIES
com.paytheory.jetsnack.ui.home.HomeSections: com.paytheory.jetsnack.ui.home.HomeSections CART
com.paytheory.jetsnack.ui.SnackSharedElementType: com.paytheory.jetsnack.ui.SnackSharedElementType valueOf(java.lang.String)
com.paytheory.jetsnack.ui.home.search.SearchDisplay: com.paytheory.jetsnack.ui.home.search.SearchDisplay[] values()
com.paytheory.jetsnack.ui.home.search.SearchDisplay: kotlin.enums.EnumEntries getEntries()
com.paytheory.jetsnack.ui.home.HomeSections: kotlin.enums.EnumEntries getEntries()
com.paytheory.jetsnack.model.CollectionType: kotlin.enums.EnumEntries getEntries()
com.paytheory.jetsnack.ui.home.HomeSections: androidx.compose.ui.graphics.vector.ImageVector getIcon()
com.paytheory.jetsnack.model.CollectionType: com.paytheory.jetsnack.model.CollectionType[] values()
com.paytheory.jetsnack.ui.home.HomeSections: com.paytheory.jetsnack.ui.home.HomeSections[] $values()
com.paytheory.jetsnack.ui.home.search.SearchDisplay: SearchDisplay(java.lang.String,int)
com.paytheory.jetsnack.ui.SnackSharedElementType: com.paytheory.jetsnack.ui.SnackSharedElementType[] $values()
com.paytheory.jetsnack.ui.SnackSharedElementType: SnackSharedElementType(java.lang.String,int)
com.paytheory.jetsnack.ui.home.HomeSections: int getTitle()
...
com.google.gson.internal.bind.TypeAdapters$27
com.amazonaws.util.AwsHostNameUtils
com.amazonaws.logging.Log
androidx.compose.foundation.layout.PaddingElement
androidx.navigation.compose.DialogNavigator
com.google.gson.internal.bind.TypeAdapters$7
com.google.android.gms.auth.api.signin.GoogleSignInAccount
com.amazonaws.logging.ConsoleLog
com.google.pay.button.ButtonTheme
coil.request.CachePolicy
com.amazonaws.util.CodecUtils
androidx.compose.foundation.relocation.BringIntoViewRequesterElement
androidx.compose.foundation.layout.AlignmentLineOffsetDpElement
androidx.compose.foundation.layout.SizeElement
com.google.gson.internal.bind.TypeAdapters$17
com.amazonaws.auth.AWS4Signer
androidx.navigation.compose.ComposeNavigator
com.paytheory.lib.data.payable.PTError
androidx.compose.foundation.text.selection.Direction
androidx.compose.material3.MinimumInteractiveModifier
androidx.graphics.path.ConicConverter
androidx.versionedparcelable.CustomVersionedParcelable
com.google.gson.internal.bind.TypeAdapters$25
com.google.android.play.core.common.PlayCoreDialogWrapperActivity
androidx.compose.foundation.text.input.internal.LegacyAdaptingPlatformTextInputModifier
io.reactivex.rxjava3.core.BackpressureStrategy
androidx.compose.animation.RenderInTransitionOverlayNodeElement
androidx.emoji2.text.EmojiCompatInitializer
com.google.gson.internal.bind.TypeAdapters$4
com.amazonaws.auth.AbstractAWSSigner
com.google.gson.Strictness
com.google.gson.internal.sql.SqlDateTypeAdapter$1
com.google.android.gms.wallet.wobs.CommonWalletObject
androidx.compose.foundation.ScrollingLayoutElement
io.reactivex.rxjava3.internal.disposables.EmptyDisposable
com.google.pay.button.ButtonType
com.google.android.gms.wallet.MaskedWallet
com.google.android.gms.common.GooglePlayServicesMissingManifestValueException
androidx.compose.foundation.text.modifiers.TextAnnotatedStringElement
androidx.lifecycle.Lifecycle$State
androidx.profileinstaller.FileSectionType
com.google.gson.FieldNamingPolicy$7
com.google.gson.internal.bind.TypeAdapters$18
androidx.compose.ui.input.key.KeyInputElement
kotlinx.coroutines.scheduling.CoroutineScheduler$WorkerState
com.google.gson.internal.bind.TypeAdapters$19
com.paytheory.lib.data.payable.TransactionResult
com.amazonaws.util.BinaryUtils
com.google.gson.ToNumberPolicy
com.paytheory.lib.data.responses.HostTokenMessage
kotlin.LazyThreadSafetyMode
okhttp3.internal.publicsuffix.PublicSuffixDatabase
okhttp3.Protocol
com.amazonaws.auth.AWSSessionCredentials
com.google.gson.internal.bind.TypeAdapters$8
androidx.constraintlayout.core.state.State$Constraint
com.google.gson.internal.bind.TypeAdapters$21
androidx.compose.ui.graphics.GraphicsLayerElement
com.google.gson.ToNumberPolicy$4
androidx.compose.ui.unit.LayoutDirection
androidx.compose.ui.layout.MeasuringIntrinsics$IntrinsicMinMax
androidx.compose.ui.autofill.AutofillType
androidx.compose.foundation.lazy.layout.LazyLayoutSemanticsModifier
androidx.compose.ui.layout.LayoutIdElement
com.goterl.lazysodium.Sodium
com.google.gson.internal.bind.ArrayTypeAdapter$1
androidx.compose.foundation.text.HandleState
com.google.gson.internal.sql.SqlTimestampTypeAdapter$1
com.paytheory.lib.configuration.GooglePayEnvironment
com.google.gson.internal.bind.SerializationDelegatingTypeAdapter
okhttp3.logging.HttpLoggingInterceptor$Level
androidx.compose.foundation.layout.OffsetPxElement
com.google.android.gms.common.GooglePlayServicesIncorrectManifestValueException
com.google.gson.internal.bind.DefaultDateTypeAdapter$1
okhttp3.TlsVersion
androidx.lifecycle.LifecycleDispatcher$DispatcherActivityCallback
com.google.android.gms.common.GooglePlayServicesManifestException
androidx.startup.InitializationProvider
androidx.compose.foundation.layout.UnspecifiedConstraintsElement
androidx.compose.foundation.text.selection.CrossStatus
androidx.compose.material3.SnackbarResult
androidx.core.graphics.drawable.IconCompatParcelizer
coil.size.Scale
androidx.graphics.path.PathIteratorPreApi34Impl