app/build/outputs/mapping/benchmark/usage.txt
com.paytheory.jetsnack.R$anim
com.paytheory.jetsnack.R$animator
com.paytheory.jetsnack.R$attr
com.paytheory.jetsnack.R$color
com.paytheory.jetsnack.R$dimen
com.paytheory.jetsnack.R$drawable
com.paytheory.jetsnack.R$font
com.paytheory.jetsnack.R$id
com.paytheory.jetsnack.R$integer
com.paytheory.jetsnack.R$layout
com.paytheory.jetsnack.R$mipmap
com.paytheory.jetsnack.R$plurals
com.paytheory.jetsnack.R$string
com.paytheory.jetsnack.R$style
com.paytheory.jetsnack.R$styleable
com.paytheory.jetsnack.R
com.paytheory.jetsnack.model.Filter:
    public static final int $stable
com.paytheory.jetsnack.model.FilterKt:
    public static final void setSortDefault(java.lang.String)
com.paytheory.jetsnack.model.Message:
    public static final int $stable
    public final long component1()
    public final int component2()
    public final com.paytheory.jetsnack.model.Message copy(long,int)
    public static synthetic com.paytheory.jetsnack.model.Message copy$default(com.paytheory.jetsnack.model.Message,long,int,int,java.lang.Object)
com.paytheory.jetsnack.model.OrderLine:
    public static final int $stable
    public final com.paytheory.jetsnack.model.Snack component1()
    public final int component2()
com.paytheory.jetsnack.model.SearchCategory:
    public static final int $stable
    public final java.lang.String component1()
    public final int component2()
    public final com.paytheory.jetsnack.model.SearchCategory copy(java.lang.String,int)
    public static synthetic com.paytheory.jetsnack.model.SearchCategory copy$default(com.paytheory.jetsnack.model.SearchCategory,java.lang.String,int,int,java.lang.Object)
com.paytheory.jetsnack.model.SearchCategoryCollection:
    public static final int $stable
    public final long component1()
    public final java.lang.String component2()
    public final java.util.List component3()
    public final com.paytheory.jetsnack.model.SearchCategoryCollection copy(long,java.lang.String,java.util.List)
    public static synthetic com.paytheory.jetsnack.model.SearchCategoryCollection copy$default(com.paytheory.jetsnack.model.SearchCategoryCollection,long,java.lang.String,java.util.List,int,java.lang.Object)
    public final long getId()
com.paytheory.jetsnack.model.SearchRepo:
    public static final int $stable
com.paytheory.jetsnack.model.SearchSuggestionGroup:
    public static final int $stable
    public final long component1()
    public final java.lang.String component2()
    public final java.util.List component3()
    public final com.paytheory.jetsnack.model.SearchSuggestionGroup copy(long,java.lang.String,java.util.List)
    public static synthetic com.paytheory.jetsnack.model.SearchSuggestionGroup copy$default(com.paytheory.jetsnack.model.SearchSuggestionGroup,long,java.lang.String,java.util.List,int,java.lang.Object)
    public final long getId()
com.paytheory.jetsnack.model.Snack:
    public static final int $stable
    public final long component1()
    public final java.lang.String component2()
    public final int component3()
    public final long component4()
    public final java.lang.String component5()
    public final java.util.Set component6()
    public final com.paytheory.jetsnack.model.Snack copy(long,java.lang.String,int,long,java.lang.String,java.util.Set)
    public static synthetic com.paytheory.jetsnack.model.Snack copy$default(com.paytheory.jetsnack.model.Snack,long,java.lang.String,int,long,java.lang.String,java.util.Set,int,java.lang.Object)
    public final java.util.Set getTags()
com.paytheory.jetsnack.model.SnackCollection:
    public static final int $stable
    public final long component1()
    public final java.lang.String component2()
    public final java.util.List component3()
    public final com.paytheory.jetsnack.model.CollectionType component4()
com.paytheory.jetsnack.model.SnackRepo:
    public static final int $stable
com.paytheory.jetsnack.ui.FilterSharedElementKey:
    public static final int $stable
...
kotlin.reflect.KClassesImplKt
kotlin.reflect.KClassifier
kotlin.reflect.KDeclarationContainer:
    public abstract java.util.Collection getMembers()
kotlin.reflect.KFunction$DefaultImpls
kotlin.reflect.KFunction:
    public abstract boolean isExternal()
    public abstract boolean isInfix()
    public abstract boolean isInline()
    public abstract boolean isOperator()
    public abstract boolean isSuspend()
kotlin.reflect.KMutableProperty$Setter
kotlin.reflect.KMutableProperty0$DefaultImpls
kotlin.reflect.KMutableProperty0$Setter
kotlin.reflect.KMutableProperty0:
    public abstract kotlin.reflect.KMutableProperty0$Setter getSetter()
    public abstract void set(java.lang.Object)
kotlin.reflect.KMutableProperty1$DefaultImpls
kotlin.reflect.KMutableProperty1$Setter
kotlin.reflect.KMutableProperty1:
    public abstract kotlin.reflect.KMutableProperty1$Setter getSetter()
    public abstract void set(java.lang.Object,java.lang.Object)
kotlin.reflect.KMutableProperty2$DefaultImpls
kotlin.reflect.KMutableProperty2$Setter
kotlin.reflect.KMutableProperty2
kotlin.reflect.KMutableProperty
kotlin.reflect.KParameter$DefaultImpls
kotlin.reflect.KParameter$Kind
kotlin.reflect.KParameter
kotlin.reflect.KProperty$Accessor
kotlin.reflect.KProperty$DefaultImpls
kotlin.reflect.KProperty$Getter
kotlin.reflect.KProperty0$DefaultImpls
kotlin.reflect.KProperty0$Getter
kotlin.reflect.KProperty0:
    public abstract java.lang.Object getDelegate()
    public abstract kotlin.reflect.KProperty0$Getter getGetter()
kotlin.reflect.KProperty1$DefaultImpls
kotlin.reflect.KProperty1:
    public abstract java.lang.Object getDelegate(java.lang.Object)
kotlin.reflect.KProperty2$DefaultImpls
kotlin.reflect.KProperty2$Getter
kotlin.reflect.KProperty2
kotlin.reflect.KProperty:
    public abstract kotlin.reflect.KProperty$Getter getGetter()
    public abstract boolean isConst()
    public abstract boolean isLateinit()
kotlin.reflect.KType$DefaultImpls
kotlin.reflect.KType
kotlin.reflect.KTypeParameter
kotlin.reflect.KTypeProjection$Companion
kotlin.reflect.KTypeProjection$WhenMappings
kotlin.reflect.KTypeProjection
kotlin.reflect.KVariance
kotlin.reflect.KVisibility
kotlin.reflect.ParameterizedTypeImpl$getTypeName$1$1
kotlin.reflect.ParameterizedTypeImpl
kotlin.reflect.TypeImpl
kotlin.reflect.TypeOfKt
kotlin.reflect.TypeVariableImpl
kotlin.reflect.TypesJVMKt$WhenMappings
kotlin.reflect.TypesJVMKt$typeToString$unwrap$1
kotlin.reflect.TypesJVMKt
kotlin.reflect.WildcardTypeImpl$Companion
kotlin.reflect.WildcardTypeImpl
kotlin.script.dependencies.BasicScriptDependenciesResolver
kotlin.script.dependencies.Dependencies_deprecatedKt
kotlin.script.dependencies.KotlinScriptExternalDependencies$DefaultImpls
kotlin.script.dependencies.KotlinScriptExternalDependencies
kotlin.script.dependencies.PseudoFuture
kotlin.script.dependencies.Resolvers_deprecatedKt
kotlin.script.dependencies.ScriptContents$Position
kotlin.script.dependencies.ScriptContents
kotlin.script.dependencies.ScriptDependenciesResolver$DefaultImpls
kotlin.script.dependencies.ScriptDependenciesResolver$ReportSeverity
kotlin.script.dependencies.ScriptDependenciesResolver
kotlin.script.experimental.dependencies.AsyncDependenciesResolver$DefaultImpls
kotlin.script.experimental.dependencies.AsyncDependenciesResolver
kotlin.script.experimental.dependencies.DependenciesResolver$DefaultImpls
kotlin.script.experimental.dependencies.DependenciesResolver$NoDependencies
kotlin.script.experimental.dependencies.DependenciesResolver$ResolveResult$Failure
kotlin.script.experimental.dependencies.DependenciesResolver$ResolveResult$Success
kotlin.script.experimental.dependencies.DependenciesResolver$ResolveResult
kotlin.script.experimental.dependencies.DependenciesResolver
kotlin.script.experimental.dependencies.ResolversKt
kotlin.script.experimental.dependencies.ScriptDependencies$Companion
kotlin.script.experimental.dependencies.ScriptDependencies
kotlin.script.experimental.dependencies.ScriptReport$Position